<?xml version="1.0" encoding="UTF-8"?>
<testsuite xmlns:xsi="http://www.w3.org/2001/XMLSchema-instance" xsi:noNamespaceSchemaLocation="https://maven.apache.org/surefire/maven-surefire-plugin/xsd/surefire-test-report.xsd" name="top.weidaboy.WeidaboyApplicationTests" time="7.233" tests="2" errors="0" skipped="0" failures="0">
  <properties>
[...]
</properties>
  <testcase name="test01" classname="top.weidaboy.WeidaboyApplicationTests" time="0.283"/>
  <testcase name="contextLoads" classname="top.weidaboy.WeidaboyApplicationTests" time="0.015"/>
</testsuite>